Arguments: 
  /usr/bin/node /usr/share/yarn/bin/yarn.js

PATH: 
  /usr/local/sbin:/usr/local/bin:/usr/sbin:/usr/bin:/sbin:/bin:/usr/games:/usr/local/games:/snap/bin:/home/shubham/Android/Sdk/emulator:/home/shubham/Android/Sdk/tools:/home/shubham/Android/Sdk/tools/bin:/home/shubham/Android/Sdk/platform-tools

Yarn version: 
  1.17.3

Node version: 
  10.15.2

Platform: 
  linux x64

Trace: 
  Error: getaddrinfo EAI_AGAIN codeload.github.com codeload.github.com:443
      at GetAddrInfoReqWrap.onlookup [as oncomplete] (dns.js:57:26)

npm manifest: 
  {
    "name": "@galio-org/galio",
    "main": "node_modules/expo/AppEntry.js",
    "version": "1.0.0",
    "files": [
      "src/*.js",
      "src/helpers/*.js",
      "assets/fonts/galio.json",
      "assets/fonts/galio.ttf"
    ],
    "repository": {
      "type": "git",
      "url": "https://github.com/galio-org/galio.git"
    },
    "author": "",
    "license": "MIT",
    "bugs": {
      "url": "https://github.com/galio-org/galio/issues"
    },
    "homepage": "https://galio.io/",
    "keywords": [
      "android",
      "ios",
      "react native",
      "component library",
      "ui kit",
      "bootstrap"
    ],
    "scripts": {
      "start": "expo start",
      "android": "expo start --android",
      "ios": "expo start --ios",
      "eject": "expo eject",
      "devtools": "react-devtools",
      "lint": "eslint src/**.js"
    },
    "dependencies": {
      "expo": "^33.0.0",
      "expo-constants": "^5.0.1",
      "expo-linear-gradient": "^5.0.1",
      "react": "16.8.3",
      "react-native": "https://github.com/expo/react-native/archive/sdk-33.0.0.tar.gz",
      "react-native-vector-icons": "^6.0.2"
    },
    "devDependencies": {
      "babel-eslint": "^10.0.0",
      "d3-shape": "^1.2.2",
      "eslint": "^5.6.0",
      "eslint-config-airbnb": "^17.1.0",
      "eslint-plugin-flowtype": "^2.50.2",
      "eslint-plugin-import": "^2.14.0",
      "eslint-plugin-jsx-a11y": "^6.1.1",
      "eslint-plugin-react": "^7.11.1",
      "galio-framework": "^0.5.3",
      "prettier": "^1.14.2",
      "prop-types": "^15.6.2",
      "react-devtools": "^3.3.2",
      "react-native-svg-charts": "^5.2.0",
      "react-navigation": "^2.13.0",
      "whatwg-fetch": "^2.0.4"
    },
    "peerDependencies": {
      "react": "*",
      "react-native": "*",
      "react-native-vector-icons": "*"
    }
  }

yarn manifest: 
  No manifest

Lockfile: 
  No lockfile
